2021-10-25 00:44:10,494 INFO com.effecti.gerenciador.EffectiLicitacoesGerenciador [restartedMain] Starting EffectiLicitacoesGerenciador using Java 1.8.0_301 on DESKTOP-ONDL577 with PID 13376 (C:\Users\André\git\effecti\effecti-licitacoes-api\target\classes started by André in C:\Users\André\git\effecti\effecti-licitacoes-api)
2021-10-25 00:44:10,496 DEBUG com.effecti.gerenciador.EffectiLicitacoesGerenciador [restartedMain] Running with Spring Boot v2.5.6, Spring v5.3.12
2021-10-25 00:44:10,496 INFO com.effecti.gerenciador.EffectiLicitacoesGerenciador [restartedMain] No active profile set, falling back to default profiles: default
2021-10-25 00:44:13,084 INFO com.effecti.gerenciador.EffectiLicitacoesGerenciador [restartedMain] Started EffectiLicitacoesGerenciador in 2.847 seconds (JVM running for 3.25)
2021-10-25 00:45:55,561 INFO com.effecti.gerenciador.EffectiLicitacoesGerenciador [restartedMain] Starting EffectiLicitacoesGerenciador using Java 1.8.0_301 on DESKTOP-ONDL577 with PID 13376 (C:\Users\André\git\effecti\effecti-licitacoes-api\target\classes started by André in C:\Users\André\git\effecti\effecti-licitacoes-api)
2021-10-25 00:45:55,561 DEBUG com.effecti.gerenciador.EffectiLicitacoesGerenciador [restartedMain] Running with Spring Boot v2.5.6, Spring v5.3.12
2021-10-25 00:45:55,561 INFO com.effecti.gerenciador.EffectiLicitacoesGerenciador [restartedMain] No active profile set, falling back to default profiles: default
2021-10-25 00:46:00,015 INFO com.effecti.gerenciador.EffectiLicitacoesGerenciador [restartedMain] Starting EffectiLicitacoesGerenciador using Java 1.8.0_301 on DESKTOP-ONDL577 with PID 19408 (C:\Users\André\git\effecti\effecti-licitacoes-api\target\classes started by André in C:\Users\André\git\effecti\effecti-licitacoes-api)
2021-10-25 00:46:00,017 DEBUG com.effecti.gerenciador.EffectiLicitacoesGerenciador [restartedMain] Running with Spring Boot v2.5.6, Spring v5.3.12
2021-10-25 00:46:00,017 INFO com.effecti.gerenciador.EffectiLicitacoesGerenciador [restartedMain] No active profile set, falling back to default profiles: default
2021-10-25 00:46:02,624 INFO com.effecti.gerenciador.EffectiLicitacoesGerenciador [restartedMain] Started EffectiLicitacoesGerenciador in 2.865 seconds (JVM running for 3.274)
2021-10-25 00:46:56,239 INFO com.effecti.gerenciador.EffectiLicitacoesGerenciador [restartedMain] Starting EffectiLicitacoesGerenciador using Java 1.8.0_301 on DESKTOP-ONDL577 with PID 19408 (C:\Users\André\git\effecti\effecti-licitacoes-api\target\classes started by André in C:\Users\André\git\effecti\effecti-licitacoes-api)
2021-10-25 00:46:56,240 DEBUG com.effecti.gerenciador.EffectiLicitacoesGerenciador [restartedMain] Running with Spring Boot v2.5.6, Spring v5.3.12
2021-10-25 00:46:56,240 INFO com.effecti.gerenciador.EffectiLicitacoesGerenciador [restartedMain] No active profile set, falling back to default profiles: default
2021-10-25 00:46:56,592 INFO com.effecti.gerenciador.EffectiLicitacoesGerenciador [restartedMain] Started EffectiLicitacoesGerenciador in 0.387 seconds (JVM running for 57.242)
2021-10-25 09:55:25,335 INFO com.effecti.gerenciador.EffectiLicitacoesGerenciador [restartedMain] Starting EffectiLicitacoesGerenciador using Java 1.8.0_301 on DESKTOP-ONDL577 with PID 14844 (C:\Users\André\git\effecti\effecti-licitacoes-api\target\classes started by André in C:\Users\André\git\effecti\effecti-licitacoes-api)
2021-10-25 09:55:25,337 DEBUG com.effecti.gerenciador.EffectiLicitacoesGerenciador [restartedMain] Running with Spring Boot v2.5.6, Spring v5.3.12
2021-10-25 09:55:25,337 INFO com.effecti.gerenciador.EffectiLicitacoesGerenciador [restartedMain] No active profile set, falling back to default profiles: default
2021-10-25 09:55:28,477 INFO com.effecti.gerenciador.EffectiLicitacoesGerenciador [restartedMain] Started EffectiLicitacoesGerenciador in 3.404 seconds (JVM running for 3.841)
2021-10-25 10:17:23,987 ERROR org.apache.catalina.core.ContainerBase.[Tomcat].[localhost].[/].[dispatcherServlet] [http-nio-8080-exec-4] Servlet.service() for servlet [dispatcherServlet] in context with path [] threw exception [Request processing failed; nested exception is org.springframework.orm.ObjectOptimisticLockingFailureException: Batch update returned unexpected row count from update [0]; actual row count: 0; expected: 1; statement executed: delete from licitacao where id=?; nested exception is org.hibernate.StaleStateException: Batch update returned unexpected row count from update [0]; actual row count: 0; expected: 1; statement executed: delete from licitacao where id=?] with root cause
org.hibernate.StaleStateException: Batch update returned unexpected row count from update [0]; actual row count: 0; expected: 1; statement executed: delete from licitacao where id=?
	at org.hibernate.jdbc.Expectations$BasicExpectation.checkBatched(Expectations.java:67)
	at org.hibernate.jdbc.Expectations$BasicExpectation.verifyOutcome(Expectations.java:54)
	at org.hibernate.engine.jdbc.batch.internal.NonBatchingBatch.addToBatch(NonBatchingBatch.java:47)
	at org.hibernate.persister.entity.AbstractEntityPersister.delete(AbstractEntityPersister.java:3615)
	at org.hibernate.persister.entity.AbstractEntityPersister.delete(AbstractEntityPersister.java:3875)
	at org.hibernate.action.internal.EntityDeleteAction.execute(EntityDeleteAction.java:123)
	at org.hibernate.engine.spi.ActionQueue.executeActions(ActionQueue.java:604)
	at org.hibernate.engine.spi.ActionQueue.lambda$executeActions$1(ActionQueue.java:478)
	at java.util.LinkedHashMap.forEach(Unknown Source)
	at org.hibernate.engine.spi.ActionQueue.executeActions(ActionQueue.java:475)
	at org.hibernate.event.internal.AbstractFlushingEventListener.performExecutions(AbstractFlushingEventListener.java:344)
	at org.hibernate.event.internal.DefaultFlushEventListener.onFlush(DefaultFlushEventListener.java:40)
	at org.hibernate.event.service.internal.EventListenerGroupImpl.fireEventOnEachListener(EventListenerGroupImpl.java:99)
	at org.hibernate.internal.SessionImpl.doFlush(SessionImpl.java:1362)
	at org.hibernate.internal.SessionImpl.managedFlush(SessionImpl.java:453)
	at org.hibernate.internal.SessionImpl.flushBeforeTransactionCompletion(SessionImpl.java:3212)
	at org.hibernate.internal.SessionImpl.beforeTransactionCompletion(SessionImpl.java:2380)
	at org.hibernate.engine.jdbc.internal.JdbcCoordinatorImpl.beforeTransactionCompletion(JdbcCoordinatorImpl.java:448)
	at org.hibernate.resource.transaction.backend.jdbc.internal.JdbcResourceLocalTransactionCoordinatorImpl.beforeCompletionCallback(JdbcResourceLocalTransactionCoordinatorImpl.java:183)
	at org.hibernate.resource.transaction.backend.jdbc.internal.JdbcResourceLocalTransactionCoordinatorImpl.access$300(JdbcResourceLocalTransactionCoordinatorImpl.java:40)
	at org.hibernate.resource.transaction.backend.jdbc.internal.JdbcResourceLocalTransactionCoordinatorImpl$TransactionDriverControlImpl.commit(JdbcResourceLocalTransactionCoordinatorImpl.java:281)
	at org.hibernate.engine.transaction.internal.TransactionImpl.commit(TransactionImpl.java:101)
	at org.springframework.orm.jpa.JpaTransactionManager.doCommit(JpaTransactionManager.java:562)
	at org.springframework.transaction.support.AbstractPlatformTransactionManager.processCommit(AbstractPlatformTransactionManager.java:743)
	at org.springframework.transaction.support.AbstractPlatformTransactionManager.commit(AbstractPlatformTransactionManager.java:711)
	at org.springframework.transaction.interceptor.TransactionAspectSupport.commitTransactionAfterReturning(TransactionAspectSupport.java:654)
	at org.springframework.transaction.interceptor.TransactionAspectSupport.invokeWithinTransaction(TransactionAspectSupport.java:407)
	at org.springframework.transaction.interceptor.TransactionInterceptor.invoke(TransactionInterceptor.java:119)
	at org.springframework.aop.framework.ReflectiveMethodInvocation.proceed(ReflectiveMethodInvocation.java:186)
	at org.springframework.dao.support.PersistenceExceptionTranslationInterceptor.invoke(PersistenceExceptionTranslationInterceptor.java:137)
	at org.springframework.aop.framework.ReflectiveMethodInvocation.proceed(ReflectiveMethodInvocation.java:186)
	at org.springframework.data.jpa.repository.support.CrudMethodMetadataPostProcessor$CrudMethodMetadataPopulatingMethodInterceptor.invoke(CrudMethodMetadataPostProcessor.java:174)
	at org.springframework.aop.framework.ReflectiveMethodInvocation.proceed(ReflectiveMethodInvocation.java:186)
	at org.springframework.aop.interceptor.ExposeInvocationInterceptor.invoke(ExposeInvocationInterceptor.java:97)
	at org.springframework.aop.framework.ReflectiveMethodInvocation.proceed(ReflectiveMethodInvocation.java:186)
	at org.springframework.aop.framework.JdkDynamicAopProxy.invoke(JdkDynamicAopProxy.java:215)
	at com.sun.proxy.$Proxy84.deleteAll(Unknown Source)
	at com.effecti.gerenciador.services.LicitacoesServices.limpaBD(LicitacoesServices.java:22)
	at com.effecti.gerenciador.controller.Effecti_licitacoesController.listar(Effecti_licitacoesController.java:28)
	at sun.reflect.NativeMethodAccessorImpl.invoke0(Native Method)
	at sun.reflect.NativeMethodAccessorImpl.invoke(Unknown Source)
	at sun.reflect.DelegatingMethodAccessorImpl.invoke(Unknown Source)
	at java.lang.reflect.Method.invoke(Unknown Source)
	at org.springframework.web.method.support.InvocableHandlerMethod.doInvoke(InvocableHandlerMethod.java:205)
	at org.springframework.web.method.support.InvocableHandlerMethod.invokeForRequest(InvocableHandlerMethod.java:150)
	at org.springframework.web.servlet.mvc.method.annotation.ServletInvocableHandlerMethod.invokeAndHandle(ServletInvocableHandlerMethod.java:117)
	at org.springframework.web.servlet.mvc.method.annotation.RequestMappingHandlerAdapter.invokeHandlerMethod(RequestMappingHandlerAdapter.java:895)
	at org.springframework.web.servlet.mvc.method.annotation.RequestMappingHandlerAdapter.handleInternal(RequestMappingHandlerAdapter.java:808)
	at org.springframework.web.servlet.mvc.method.AbstractHandlerMethodAdapter.handle(AbstractHandlerMethodAdapter.java:87)
	at org.springframework.web.servlet.DispatcherServlet.doDispatch(DispatcherServlet.java:1067)
	at org.springframework.web.servlet.DispatcherServlet.doService(DispatcherServlet.java:963)
	at org.springframework.web.servlet.FrameworkServlet.processRequest(FrameworkServlet.java:1006)
	at org.springframework.web.servlet.FrameworkServlet.doGet(FrameworkServlet.java:898)
	at javax.servlet.http.HttpServlet.service(HttpServlet.java:655)
	at org.springframework.web.servlet.FrameworkServlet.service(FrameworkServlet.java:883)
	at javax.servlet.http.HttpServlet.service(HttpServlet.java:764)
	at org.apache.catalina.core.ApplicationFilterChain.internalDoFilter(ApplicationFilterChain.java:227)
	at org.apache.catalina.core.ApplicationFilterChain.doFilter(ApplicationFilterChain.java:162)
	at org.apache.tomcat.websocket.server.WsFilter.doFilter(WsFilter.java:53)
	at org.apache.catalina.core.ApplicationFilterChain.internalDoFilter(ApplicationFilterChain.java:189)
	at org.apache.catalina.core.ApplicationFilterChain.doFilter(ApplicationFilterChain.java:162)
	at org.springframework.web.filter.RequestContextFilter.doFilterInternal(RequestContextFilter.java:100)
	at org.springframework.web.filter.OncePerRequestFilter.doFilter(OncePerRequestFilter.java:119)
	at org.apache.catalina.core.ApplicationFilterChain.internalDoFilter(ApplicationFilterChain.java:189)
	at org.apache.catalina.core.ApplicationFilterChain.doFilter(ApplicationFilterChain.java:162)
	at org.springframework.web.filter.FormContentFilter.doFilterInternal(FormContentFilter.java:93)
	at org.springframework.web.filter.OncePerRequestFilter.doFilter(OncePerRequestFilter.java:119)
	at org.apache.catalina.core.ApplicationFilterChain.internalDoFilter(ApplicationFilterChain.java:189)
	at org.apache.catalina.core.ApplicationFilterChain.doFilter(ApplicationFilterChain.java:162)
	at org.springframework.web.filter.CharacterEncodingFilter.doFilterInternal(CharacterEncodingFilter.java:201)
	at org.springframework.web.filter.OncePerRequestFilter.doFilter(OncePerRequestFilter.java:119)
	at org.apache.catalina.core.ApplicationFilterChain.internalDoFilter(ApplicationFilterChain.java:189)
	at org.apache.catalina.core.ApplicationFilterChain.doFilter(ApplicationFilterChain.java:162)
	at org.apache.catalina.core.StandardWrapperValve.invoke(StandardWrapperValve.java:197)
	at org.apache.catalina.core.StandardContextValve.invoke(StandardContextValve.java:97)
	at org.apache.catalina.authenticator.AuthenticatorBase.invoke(AuthenticatorBase.java:540)
	at org.apache.catalina.core.StandardHostValve.invoke(StandardHostValve.java:135)
	at org.apache.catalina.valves.ErrorReportValve.invoke(ErrorReportValve.java:92)
	at org.apache.catalina.core.StandardEngineValve.invoke(StandardEngineValve.java:78)
	at org.apache.catalina.connector.CoyoteAdapter.service(CoyoteAdapter.java:357)
	at org.apache.coyote.http11.Http11Processor.service(Http11Processor.java:382)
	at org.apache.coyote.AbstractProcessorLight.process(AbstractProcessorLight.java:65)
	at org.apache.coyote.AbstractProtocol$ConnectionHandler.process(AbstractProtocol.java:895)
	at org.apache.tomcat.util.net.NioEndpoint$SocketProcessor.doRun(NioEndpoint.java:1722)
	at org.apache.tomcat.util.net.SocketProcessorBase.run(SocketProcessorBase.java:49)
	at org.apache.tomcat.util.threads.ThreadPoolExecutor.runWorker(ThreadPoolExecutor.java:1191)
	at org.apache.tomcat.util.threads.ThreadPoolExecutor$Worker.run(ThreadPoolExecutor.java:659)
	at org.apache.tomcat.util.threads.TaskThread$WrappingRunnable.run(TaskThread.java:61)
	at java.lang.Thread.run(Unknown Source)
2021-10-25 10:26:14,469 INFO com.effecti.gerenciador.EffectiLicitacoesGerenciador [restartedMain] Starting EffectiLicitacoesGerenciador using Java 1.8.0_301 on DESKTOP-ONDL577 with PID 472 (C:\Users\André\git\effecti\effecti-licitacoes-api\target\classes started by André in C:\Users\André\git\effecti\effecti-licitacoes-api)
2021-10-25 10:26:14,471 DEBUG com.effecti.gerenciador.EffectiLicitacoesGerenciador [restartedMain] Running with Spring Boot v2.5.6, Spring v5.3.12
2021-10-25 10:26:14,471 INFO com.effecti.gerenciador.EffectiLicitacoesGerenciador [restartedMain] No active profile set, falling back to default profiles: default
2021-10-25 10:26:17,102 INFO com.effecti.gerenciador.EffectiLicitacoesGerenciador [restartedMain] Started EffectiLicitacoesGerenciador in 2.89 seconds (JVM running for 3.3)
2021-10-25 10:27:06,117 INFO com.effecti.gerenciador.EffectiLicitacoesGerenciador [restartedMain] Starting EffectiLicitacoesGerenciador using Java 1.8.0_301 on DESKTOP-ONDL577 with PID 472 (C:\Users\André\git\effecti\effecti-licitacoes-api\target\classes started by André in C:\Users\André\git\effecti\effecti-licitacoes-api)
2021-10-25 10:27:06,117 DEBUG com.effecti.gerenciador.EffectiLicitacoesGerenciador [restartedMain] Running with Spring Boot v2.5.6, Spring v5.3.12
2021-10-25 10:27:06,117 INFO com.effecti.gerenciador.EffectiLicitacoesGerenciador [restartedMain] No active profile set, falling back to default profiles: default
2021-10-25 10:27:06,552 INFO com.effecti.gerenciador.EffectiLicitacoesGerenciador [restartedMain] Started EffectiLicitacoesGerenciador in 0.473 seconds (JVM running for 52.75)
2021-10-25 10:27:08,385 INFO com.effecti.gerenciador.EffectiLicitacoesGerenciador [restartedMain] Starting EffectiLicitacoesGerenciador using Java 1.8.0_301 on DESKTOP-ONDL577 with PID 472 (C:\Users\André\git\effecti\effecti-licitacoes-api\target\classes started by André in C:\Users\André\git\effecti\effecti-licitacoes-api)
2021-10-25 10:27:08,385 DEBUG com.effecti.gerenciador.EffectiLicitacoesGerenciador [restartedMain] Running with Spring Boot v2.5.6, Spring v5.3.12
2021-10-25 10:27:08,385 INFO com.effecti.gerenciador.EffectiLicitacoesGerenciador [restartedMain] No active profile set, falling back to default profiles: default
2021-10-25 10:27:08,680 INFO com.effecti.gerenciador.EffectiLicitacoesGerenciador [restartedMain] Started EffectiLicitacoesGerenciador in 0.318 seconds (JVM running for 54.878)
2021-10-25 11:07:42,596 INFO com.effecti.gerenciador.EffectiLicitacoesGerenciador [restartedMain] Starting EffectiLicitacoesGerenciador using Java 1.8.0_301 on DESKTOP-ONDL577 with PID 15688 (C:\Users\André\git\effecti\effecti-licitacoes-api\target\classes started by André in C:\Users\André\git\effecti\effecti-licitacoes-api)
2021-10-25 11:07:42,597 DEBUG com.effecti.gerenciador.EffectiLicitacoesGerenciador [restartedMain] Running with Spring Boot v2.5.6, Spring v5.3.12
2021-10-25 11:07:42,597 INFO com.effecti.gerenciador.EffectiLicitacoesGerenciador [restartedMain] No active profile set, falling back to default profiles: default
2021-10-25 11:07:45,259 INFO com.effecti.gerenciador.EffectiLicitacoesGerenciador [restartedMain] Started EffectiLicitacoesGerenciador in 2.926 seconds (JVM running for 3.343)
2021-10-25 12:42:26,846 INFO com.effecti.gerenciador.EffectiLicitacoesGerenciador [restartedMain] Starting EffectiLicitacoesGerenciador using Java 1.8.0_301 on DESKTOP-ONDL577 with PID 15688 (C:\Users\André\git\effecti\effecti-licitacoes-api\target\classes started by André in C:\Users\André\git\effecti\effecti-licitacoes-api)
2021-10-25 12:42:26,846 DEBUG com.effecti.gerenciador.EffectiLicitacoesGerenciador [restartedMain] Running with Spring Boot v2.5.6, Spring v5.3.12
2021-10-25 12:42:26,847 INFO com.effecti.gerenciador.EffectiLicitacoesGerenciador [restartedMain] No active profile set, falling back to default profiles: default
2021-10-25 12:42:27,252 INFO com.effecti.gerenciador.EffectiLicitacoesGerenciador [restartedMain] Started EffectiLicitacoesGerenciador in 0.439 seconds (JVM running for 5685.336)
